mode: atomic
github.com/myusername/dart-statistic-scraper/cmd/dart-scraper/main.go:22.13,29.18 4 0
github.com/myusername/dart-statistic-scraper/cmd/dart-scraper/main.go:29.18,32.3 2 0
github.com/myusername/dart-statistic-scraper/cmd/dart-scraper/main.go:35.2,41.23 5 0
github.com/myusername/dart-statistic-scraper/cmd/dart-scraper/main.go:41.23,44.17 3 0
github.com/myusername/dart-statistic-scraper/cmd/dart-scraper/main.go:44.17,46.4 1 0
github.com/myusername/dart-statistic-scraper/cmd/dart-scraper/main.go:47.3,47.54 1 0
github.com/myusername/dart-statistic-scraper/cmd/dart-scraper/main.go:51.2,56.56 4 0
github.com/myusername/dart-statistic-scraper/cmd/dart-scraper/main.go:56.56,57.48 1 0
github.com/myusername/dart-statistic-scraper/cmd/dart-scraper/main.go:57.48,59.4 1 0
github.com/myusername/dart-statistic-scraper/cmd/dart-scraper/main.go:63.2,71.57 5 0
github.com/myusername/dart-statistic-scraper/cmd/dart-scraper/main.go:71.57,75.17 3 0
github.com/myusername/dart-statistic-scraper/cmd/dart-scraper/main.go:75.17,78.4 2 0
github.com/myusername/dart-statistic-scraper/cmd/dart-scraper/main.go:82.2,82.25 1 0
github.com/myusername/dart-statistic-scraper/cmd/dart-scraper/main.go:82.25,84.17 2 0
github.com/myusername/dart-statistic-scraper/cmd/dart-scraper/main.go:84.17,87.4 2 0
github.com/myusername/dart-statistic-scraper/cmd/dart-scraper/main.go:87.9,92.27 2 0
github.com/myusername/dart-statistic-scraper/cmd/dart-scraper/main.go:92.27,95.5 2 0
github.com/myusername/dart-statistic-scraper/cmd/dart-scraper/main.go:95.10,97.5 1 0
github.com/myusername/dart-statistic-scraper/cmd/dart-scraper/main.go:102.2,110.27 4 0
github.com/myusername/dart-statistic-scraper/cmd/dart-scraper/main.go:110.27,115.17 3 0
github.com/myusername/dart-statistic-scraper/cmd/dart-scraper/main.go:115.17,117.12 2 0
github.com/myusername/dart-statistic-scraper/cmd/dart-scraper/main.go:121.3,122.79 2 0
github.com/myusername/dart-statistic-scraper/cmd/dart-scraper/main.go:122.79,124.4 1 0
github.com/myusername/dart-statistic-scraper/cmd/dart-scraper/main.go:124.9,126.4 1 0
github.com/myusername/dart-statistic-scraper/cmd/dart-scraper/main.go:128.3,133.39 4 0
github.com/myusername/dart-statistic-scraper/cmd/dart-scraper/main.go:133.39,136.4 2 0
github.com/myusername/dart-statistic-scraper/cmd/dart-scraper/main.go:138.3,141.46 2 0
github.com/myusername/dart-statistic-scraper/cmd/dart-scraper/main.go:141.46,145.25 3 0
github.com/myusername/dart-statistic-scraper/cmd/dart-scraper/main.go:145.25,147.5 1 0
github.com/myusername/dart-statistic-scraper/cmd/dart-scraper/main.go:149.4,157.66 5 0
github.com/myusername/dart-statistic-scraper/cmd/dart-scraper/main.go:157.66,160.5 2 0
github.com/myusername/dart-statistic-scraper/cmd/dart-scraper/main.go:160.10,164.19 3 0
github.com/myusername/dart-statistic-scraper/cmd/dart-scraper/main.go:164.19,166.14 2 0
github.com/myusername/dart-statistic-scraper/cmd/dart-scraper/main.go:170.5,171.81 2 0
github.com/myusername/dart-statistic-scraper/cmd/dart-scraper/main.go:171.81,173.6 1 0
github.com/myusername/dart-statistic-scraper/cmd/dart-scraper/main.go:173.11,175.6 1 0
github.com/myusername/dart-statistic-scraper/cmd/dart-scraper/main.go:179.4,182.31 2 0
github.com/myusername/dart-statistic-scraper/cmd/dart-scraper/main.go:182.31,185.5 2 0
github.com/myusername/dart-statistic-scraper/cmd/dart-scraper/main.go:188.4,203.18 6 0
github.com/myusername/dart-statistic-scraper/cmd/dart-scraper/main.go:203.18,205.5 1 0
github.com/myusername/dart-statistic-scraper/cmd/dart-scraper/main.go:205.10,207.5 1 0
github.com/myusername/dart-statistic-scraper/cmd/dart-scraper/main.go:211.2,211.34 1 0
github.com/myusername/dart-statistic-scraper/internal/utils/display.go:14.71,26.49 5 0
github.com/myusername/dart-statistic-scraper/internal/utils/display.go:26.49,28.3 1 0
github.com/myusername/dart-statistic-scraper/internal/utils/display.go:31.2,32.32 2 0
github.com/myusername/dart-statistic-scraper/internal/utils/display.go:32.32,34.3 1 0
github.com/myusername/dart-statistic-scraper/internal/utils/display.go:35.2,38.33 2 0
github.com/myusername/dart-statistic-scraper/internal/utils/display.go:38.33,42.43 2 0
github.com/myusername/dart-statistic-scraper/internal/utils/display.go:42.43,44.4 1 0
github.com/myusername/dart-statistic-scraper/internal/utils/display.go:47.3,47.17 1 0
github.com/myusername/dart-statistic-scraper/internal/utils/display.go:47.17,49.4 1 0
github.com/myusername/dart-statistic-scraper/internal/utils/display.go:52.3,52.34 1 0
github.com/myusername/dart-statistic-scraper/internal/utils/display.go:52.34,56.4 1 0
github.com/myusername/dart-statistic-scraper/internal/utils/display.go:59.2,59.38 1 0
github.com/myusername/dart-statistic-scraper/internal/utils/display.go:63.83,65.16 2 0
github.com/myusername/dart-statistic-scraper/internal/utils/display.go:65.16,67.3 1 0
github.com/myusername/dart-statistic-scraper/internal/utils/display.go:68.2,72.16 3 0
github.com/myusername/dart-statistic-scraper/internal/utils/display.go:72.16,74.3 1 0
github.com/myusername/dart-statistic-scraper/internal/utils/display.go:77.2,77.49 1 0
github.com/myusername/dart-statistic-scraper/internal/utils/display.go:77.49,82.17 2 0
github.com/myusername/dart-statistic-scraper/internal/utils/display.go:82.17,84.4 1 0
github.com/myusername/dart-statistic-scraper/internal/utils/display.go:87.2,87.12 1 0
github.com/myusername/dart-statistic-scraper/pkg/scraper/scraper.go:19.43,29.16 4 0
github.com/myusername/dart-statistic-scraper/pkg/scraper/scraper.go:29.16,31.3 1 0
github.com/myusername/dart-statistic-scraper/pkg/scraper/scraper.go:32.2,36.38 3 0
github.com/myusername/dart-statistic-scraper/pkg/scraper/scraper.go:36.38,38.3 1 0
github.com/myusername/dart-statistic-scraper/pkg/scraper/scraper.go:41.2,42.16 2 0
github.com/myusername/dart-statistic-scraper/pkg/scraper/scraper.go:42.16,44.3 1 0
github.com/myusername/dart-statistic-scraper/pkg/scraper/scraper.go:47.2,51.26 4 0
github.com/myusername/dart-statistic-scraper/pkg/scraper/scraper.go:55.54,65.16 4 0
github.com/myusername/dart-statistic-scraper/pkg/scraper/scraper.go:65.16,67.3 1 0
github.com/myusername/dart-statistic-scraper/pkg/scraper/scraper.go:68.2,71.38 2 0
github.com/myusername/dart-statistic-scraper/pkg/scraper/scraper.go:71.38,73.3 1 0
github.com/myusername/dart-statistic-scraper/pkg/scraper/scraper.go:76.2,77.16 2 0
github.com/myusername/dart-statistic-scraper/pkg/scraper/scraper.go:77.16,79.3 1 0
github.com/myusername/dart-statistic-scraper/pkg/scraper/scraper.go:80.2,84.16 3 0
github.com/myusername/dart-statistic-scraper/pkg/scraper/scraper.go:84.16,86.3 1 0
github.com/myusername/dart-statistic-scraper/pkg/scraper/scraper.go:88.2,89.12 2 0
github.com/myusername/dart-statistic-scraper/pkg/scraper/scraper.go:93.63,95.2 1 0
github.com/myusername/dart-statistic-scraper/pkg/scraper/scraper.go:98.57,103.16 3 0
github.com/myusername/dart-statistic-scraper/pkg/scraper/scraper.go:103.16,106.3 2 0
github.com/myusername/dart-statistic-scraper/pkg/scraper/scraper.go:109.2,109.55 1 0
github.com/myusername/dart-statistic-scraper/pkg/scraper/scraper.go:109.55,111.14 2 0
github.com/myusername/dart-statistic-scraper/pkg/scraper/scraper.go:111.14,113.4 1 0
github.com/myusername/dart-statistic-scraper/pkg/scraper/scraper.go:116.3,116.73 1 0
github.com/myusername/dart-statistic-scraper/pkg/scraper/scraper.go:116.73,119.4 2 0
github.com/myusername/dart-statistic-scraper/pkg/scraper/scraper.go:122.2,123.14 2 0
github.com/myusername/dart-statistic-scraper/pkg/scraper/scraper.go:127.61,129.93 1 0
github.com/myusername/dart-statistic-scraper/pkg/scraper/scraper.go:129.93,131.3 1 0
github.com/myusername/dart-statistic-scraper/pkg/scraper/scraper.go:134.2,134.87 1 0
github.com/myusername/dart-statistic-scraper/pkg/scraper/scraper.go:134.87,137.3 1 0
github.com/myusername/dart-statistic-scraper/pkg/scraper/scraper.go:137.8,137.93 1 0
github.com/myusername/dart-statistic-scraper/pkg/scraper/scraper.go:137.93,140.3 1 0
github.com/myusername/dart-statistic-scraper/pkg/scraper/scraper.go:140.8,140.91 1 0
github.com/myusername/dart-statistic-scraper/pkg/scraper/scraper.go:140.91,143.3 1 0
github.com/myusername/dart-statistic-scraper/pkg/scraper/scraper.go:146.2,148.59 3 0
github.com/myusername/dart-statistic-scraper/pkg/scraper/scraper.go:148.59,150.3 1 0
github.com/myusername/dart-statistic-scraper/pkg/scraper/scraper.go:150.8,150.45 1 0
github.com/myusername/dart-statistic-scraper/pkg/scraper/scraper.go:150.45,152.3 1 0
github.com/myusername/dart-statistic-scraper/pkg/scraper/scraper.go:155.2,155.30 1 0
github.com/myusername/dart-statistic-scraper/pkg/scraper/scraper.go:159.40,162.22 3 0
github.com/myusername/dart-statistic-scraper/pkg/scraper/scraper.go:162.22,164.17 2 0
github.com/myusername/dart-statistic-scraper/pkg/scraper/scraper.go:164.17,166.4 1 0
github.com/myusername/dart-statistic-scraper/pkg/scraper/scraper.go:168.2,168.10 1 0
github.com/myusername/dart-statistic-scraper/pkg/parser/parser.go:19.50,22.16 2 0
github.com/myusername/dart-statistic-scraper/pkg/parser/parser.go:22.16,24.3 1 0
github.com/myusername/dart-statistic-scraper/pkg/parser/parser.go:25.2,29.16 3 0
github.com/myusername/dart-statistic-scraper/pkg/parser/parser.go:29.16,31.3 1 0
github.com/myusername/dart-statistic-scraper/pkg/parser/parser.go:34.2,35.16 2 0
github.com/myusername/dart-statistic-scraper/pkg/parser/parser.go:35.16,37.3 1 0
github.com/myusername/dart-statistic-scraper/pkg/parser/parser.go:39.2,39.27 1 0
github.com/myusername/dart-statistic-scraper/pkg/parser/parser.go:43.66,59.29 7 0
github.com/myusername/dart-statistic-scraper/pkg/parser/parser.go:59.29,64.29 3 0
github.com/myusername/dart-statistic-scraper/pkg/parser/parser.go:64.29,66.18 2 0
github.com/myusername/dart-statistic-scraper/pkg/parser/parser.go:66.18,70.13 4 0
github.com/myusername/dart-statistic-scraper/pkg/parser/parser.go:75.3,76.40 2 0
github.com/myusername/dart-statistic-scraper/pkg/parser/parser.go:76.40,77.41 1 0
github.com/myusername/dart-statistic-scraper/pkg/parser/parser.go:77.41,91.5 5 0
github.com/myusername/dart-statistic-scraper/pkg/parser/parser.go:95.2,95.18 1 0
github.com/myusername/dart-statistic-scraper/pkg/parser/parser.go:100.53,117.36 3 0
github.com/myusername/dart-statistic-scraper/pkg/parser/parser.go:117.36,119.38 1 0
github.com/myusername/dart-statistic-scraper/pkg/parser/parser.go:119.38,121.25 1 0
github.com/myusername/dart-statistic-scraper/pkg/parser/parser.go:121.25,122.13 1 0
github.com/myusername/dart-statistic-scraper/pkg/parser/parser.go:126.4,127.19 2 0
github.com/myusername/dart-statistic-scraper/pkg/parser/parser.go:127.19,130.5 2 0
github.com/myusername/dart-statistic-scraper/pkg/parser/parser.go:130.10,133.5 2 0
github.com/myusername/dart-statistic-scraper/pkg/parser/parser.go:136.4,146.43 3 0
github.com/myusername/dart-statistic-scraper/pkg/parser/parser.go:150.2,150.18 1 0
github.com/myusername/dart-statistic-scraper/pkg/parser/parser.go:154.83,155.37 1 0
github.com/myusername/dart-statistic-scraper/pkg/parser/parser.go:155.37,156.28 1 0
github.com/myusername/dart-statistic-scraper/pkg/parser/parser.go:156.28,162.32 4 0
github.com/myusername/dart-statistic-scraper/pkg/parser/parser.go:162.32,164.5 1 0
github.com/myusername/dart-statistic-scraper/pkg/parser/parser.go:164.10,164.39 1 0
github.com/myusername/dart-statistic-scraper/pkg/parser/parser.go:164.39,166.5 1 0
github.com/myusername/dart-statistic-scraper/pkg/parser/parser.go:169.2,169.18 1 0
github.com/myusername/dart-statistic-scraper/pkg/parser/parser.go:173.44,179.89 2 0
github.com/myusername/dart-statistic-scraper/pkg/parser/parser.go:179.89,181.3 1 0
github.com/myusername/dart-statistic-scraper/pkg/parser/parser.go:181.8,182.89 1 0
github.com/myusername/dart-statistic-scraper/pkg/parser/parser.go:182.89,184.3 1 0
github.com/myusername/dart-statistic-scraper/pkg/parser/parser.go:187.2,188.134 1 0
github.com/myusername/dart-statistic-scraper/pkg/parser/parser.go:188.134,190.3 1 0
github.com/myusername/dart-statistic-scraper/pkg/parser/parser.go:190.8,191.175 1 0
github.com/myusername/dart-statistic-scraper/pkg/parser/parser.go:191.175,193.3 1 0
github.com/myusername/dart-statistic-scraper/pkg/parser/parser.go:193.8,194.92 1 0
github.com/myusername/dart-statistic-scraper/pkg/parser/parser.go:194.92,196.3 1 0
github.com/myusername/dart-statistic-scraper/pkg/parser/parser.go:199.2,215.33 4 0
github.com/myusername/dart-statistic-scraper/pkg/parser/parser.go:215.33,216.32 1 0
github.com/myusername/dart-statistic-scraper/pkg/parser/parser.go:216.32,218.4 1 0
github.com/myusername/dart-statistic-scraper/pkg/parser/parser.go:221.2,221.21 1 0
github.com/myusername/dart-statistic-scraper/pkg/parser/parser.go:225.39,230.37 2 0
github.com/myusername/dart-statistic-scraper/pkg/parser/parser.go:230.37,232.3 1 0
github.com/myusername/dart-statistic-scraper/pkg/parser/parser.go:235.2,235.59 1 0
github.com/myusername/dart-statistic-scraper/pkg/parser/parser.go:235.59,237.3 1 0
github.com/myusername/dart-statistic-scraper/pkg/parser/parser.go:240.2,242.28 3 0
github.com/myusername/dart-statistic-scraper/pkg/parser/parser.go:242.28,243.33 1 0
github.com/myusername/dart-statistic-scraper/pkg/parser/parser.go:243.33,245.4 1 0
github.com/myusername/dart-statistic-scraper/pkg/parser/parser.go:246.3,246.33 1 0
github.com/myusername/dart-statistic-scraper/pkg/parser/parser.go:246.33,248.4 1 0
github.com/myusername/dart-statistic-scraper/pkg/parser/parser.go:253.2,253.79 1 0
github.com/myusername/dart-statistic-scraper/pkg/parser/parser.go:253.79,255.3 1 0
github.com/myusername/dart-statistic-scraper/pkg/parser/parser.go:258.2,264.35 1 0
github.com/myusername/dart-statistic-scraper/pkg/parser/parser.go:268.42,275.47 4 0
github.com/myusername/dart-statistic-scraper/pkg/parser/parser.go:275.47,276.113 1 0
github.com/myusername/dart-statistic-scraper/pkg/parser/parser.go:276.113,278.4 1 0
github.com/myusername/dart-statistic-scraper/pkg/parser/parser.go:278.9,278.83 1 0
github.com/myusername/dart-statistic-scraper/pkg/parser/parser.go:278.83,280.4 1 0
github.com/myusername/dart-statistic-scraper/pkg/parser/parser.go:284.2,284.50 1 0
github.com/myusername/dart-statistic-scraper/pkg/parser/parser.go:284.50,285.78 1 0
github.com/myusername/dart-statistic-scraper/pkg/parser/parser.go:285.78,287.4 1 0
github.com/myusername/dart-statistic-scraper/pkg/parser/parser.go:287.9,287.121 1 0
github.com/myusername/dart-statistic-scraper/pkg/parser/parser.go:287.121,289.4 1 0
github.com/myusername/dart-statistic-scraper/pkg/parser/parser.go:289.9,289.46 1 0
github.com/myusername/dart-statistic-scraper/pkg/parser/parser.go:289.46,291.4 1 0
github.com/myusername/dart-statistic-scraper/pkg/parser/parser.go:295.2,298.36 3 0
github.com/myusername/dart-statistic-scraper/pkg/parser/parser.go:302.58,309.21 3 0
github.com/myusername/dart-statistic-scraper/pkg/parser/parser.go:309.21,311.3 1 0
github.com/myusername/dart-statistic-scraper/pkg/parser/parser.go:317.2,321.35 3 0
github.com/myusername/dart-statistic-scraper/pkg/parser/parser.go:321.35,322.32 1 0
github.com/myusername/dart-statistic-scraper/pkg/parser/parser.go:322.32,325.9 3 0
github.com/myusername/dart-statistic-scraper/pkg/parser/parser.go:329.2,329.23 1 0
github.com/myusername/dart-statistic-scraper/pkg/parser/parser.go:329.23,331.22 1 0
github.com/myusername/dart-statistic-scraper/pkg/parser/parser.go:331.22,333.4 1 0
github.com/myusername/dart-statistic-scraper/pkg/parser/parser.go:336.3,336.22 1 0
github.com/myusername/dart-statistic-scraper/pkg/parser/parser.go:336.22,338.4 1 0
github.com/myusername/dart-statistic-scraper/pkg/parser/parser.go:339.3,339.22 1 0
github.com/myusername/dart-statistic-scraper/pkg/parser/parser.go:339.22,341.4 1 0
github.com/myusername/dart-statistic-scraper/pkg/parser/parser.go:342.3,342.22 1 0
github.com/myusername/dart-statistic-scraper/pkg/parser/parser.go:342.22,344.4 1 0
github.com/myusername/dart-statistic-scraper/pkg/parser/parser.go:345.3,345.22 1 0
github.com/myusername/dart-statistic-scraper/pkg/parser/parser.go:345.22,347.4 1 0
github.com/myusername/dart-statistic-scraper/pkg/parser/parser.go:348.3,348.22 1 0
github.com/myusername/dart-statistic-scraper/pkg/parser/parser.go:348.22,350.4 1 0
github.com/myusername/dart-statistic-scraper/pkg/parser/parser.go:351.3,351.22 1 0
github.com/myusername/dart-statistic-scraper/pkg/parser/parser.go:351.22,353.4 1 0
github.com/myusername/dart-statistic-scraper/pkg/parser/parser.go:354.3,354.22 1 0
github.com/myusername/dart-statistic-scraper/pkg/parser/parser.go:354.22,356.4 1 0
github.com/myusername/dart-statistic-scraper/pkg/parser/parser.go:357.8,359.34 1 0
github.com/myusername/dart-statistic-scraper/pkg/parser/parser.go:359.34,361.4 1 0
github.com/myusername/dart-statistic-scraper/pkg/parser/parser.go:362.3,362.34 1 0
github.com/myusername/dart-statistic-scraper/pkg/parser/parser.go:362.34,364.4 1 0
github.com/myusername/dart-statistic-scraper/pkg/parser/parser.go:365.3,365.34 1 0
github.com/myusername/dart-statistic-scraper/pkg/parser/parser.go:365.34,367.4 1 0
github.com/myusername/dart-statistic-scraper/pkg/parser/parser.go:368.3,368.34 1 0
github.com/myusername/dart-statistic-scraper/pkg/parser/parser.go:368.34,370.4 1 0
github.com/myusername/dart-statistic-scraper/pkg/parser/parser.go:371.3,371.34 1 0
github.com/myusername/dart-statistic-scraper/pkg/parser/parser.go:371.34,373.4 1 0
github.com/myusername/dart-statistic-scraper/pkg/parser/parser.go:374.3,374.34 1 0
github.com/myusername/dart-statistic-scraper/pkg/parser/parser.go:374.34,376.4 1 0
github.com/myusername/dart-statistic-scraper/pkg/parser/parser.go:377.3,377.34 1 0
github.com/myusername/dart-statistic-scraper/pkg/parser/parser.go:377.34,379.4 1 0
github.com/myusername/dart-statistic-scraper/pkg/parser/parser.go:382.2,382.19 1 0
github.com/myusername/dart-statistic-scraper/pkg/parser/parser.go:386.31,390.2 2 0
github.com/myusername/dart-statistic-scraper/pkg/parser/parser.go:393.36,395.16 1 0
github.com/myusername/dart-statistic-scraper/pkg/parser/parser.go:395.16,397.3 1 0
github.com/myusername/dart-statistic-scraper/pkg/parser/parser.go:400.2,400.22 1 0
github.com/myusername/dart-statistic-scraper/pkg/parser/parser.go:400.22,401.25 1 0
github.com/myusername/dart-statistic-scraper/pkg/parser/parser.go:401.25,403.4 1 0
github.com/myusername/dart-statistic-scraper/pkg/parser/parser.go:407.2,407.13 1 0
github.com/myusername/dart-statistic-scraper/pkg/parser/parser.go:411.55,415.45 2 0
github.com/myusername/dart-statistic-scraper/pkg/parser/parser.go:415.45,417.3 1 0
github.com/myusername/dart-statistic-scraper/pkg/parser/parser.go:420.2,423.21 2 0
github.com/myusername/dart-statistic-scraper/pkg/parser/parser.go:423.21,425.3 1 0
github.com/myusername/dart-statistic-scraper/pkg/parser/parser.go:428.2,430.31 3 0
github.com/myusername/dart-statistic-scraper/pkg/parser/parser.go:430.31,431.18 1 0
github.com/myusername/dart-statistic-scraper/pkg/parser/parser.go:431.18,432.19 1 0
github.com/myusername/dart-statistic-scraper/pkg/parser/parser.go:432.19,434.5 1 0
github.com/myusername/dart-statistic-scraper/pkg/parser/parser.go:435.9,435.48 1 0
github.com/myusername/dart-statistic-scraper/pkg/parser/parser.go:435.48,437.4 1 0
github.com/myusername/dart-statistic-scraper/pkg/parser/parser.go:441.2,441.25 1 0
github.com/myusername/dart-statistic-scraper/pkg/parser/parser.go:441.25,443.3 1 0
github.com/myusername/dart-statistic-scraper/pkg/parser/parser.go:446.2,452.17 6 0
github.com/myusername/dart-statistic-scraper/pkg/parser/parser.go:456.44,459.22 3 0
github.com/myusername/dart-statistic-scraper/pkg/parser/parser.go:459.22,460.41 1 0
github.com/myusername/dart-statistic-scraper/pkg/parser/parser.go:460.41,462.4 1 0
github.com/myusername/dart-statistic-scraper/pkg/parser/parser.go:464.2,464.15 1 0
github.com/myusername/dart-statistic-scraper/pkg/parser/parser.go:468.86,480.22 8 0
github.com/myusername/dart-statistic-scraper/pkg/parser/parser.go:480.22,489.51 2 0
github.com/myusername/dart-statistic-scraper/pkg/parser/parser.go:489.51,491.24 2 0
github.com/myusername/dart-statistic-scraper/pkg/parser/parser.go:491.24,493.10 2 0
github.com/myusername/dart-statistic-scraper/pkg/parser/parser.go:497.3,497.23 1 0
github.com/myusername/dart-statistic-scraper/pkg/parser/parser.go:497.23,500.4 2 0
github.com/myusername/dart-statistic-scraper/pkg/parser/parser.go:503.2,504.20 2 0
github.com/myusername/dart-statistic-scraper/pkg/parser/parser.go:504.20,508.3 2 0
github.com/myusername/dart-statistic-scraper/pkg/parser/parser.go:508.8,510.3 1 0
github.com/myusername/dart-statistic-scraper/pkg/parser/parser.go:513.2,518.16 4 0
github.com/myusername/dart-statistic-scraper/pkg/parser/parser.go:518.16,521.3 2 0
github.com/myusername/dart-statistic-scraper/pkg/parser/parser.go:524.2,527.27 2 0
github.com/myusername/dart-statistic-scraper/pkg/parser/parser.go:527.27,532.30 3 0
github.com/myusername/dart-statistic-scraper/pkg/parser/parser.go:532.30,536.28 2 0
github.com/myusername/dart-statistic-scraper/pkg/parser/parser.go:536.28,539.13 3 0
github.com/myusername/dart-statistic-scraper/pkg/parser/parser.go:543.4,544.79 1 0
github.com/myusername/dart-statistic-scraper/pkg/parser/parser.go:544.79,545.13 1 0
github.com/myusername/dart-statistic-scraper/pkg/parser/parser.go:549.4,550.35 2 0
github.com/myusername/dart-statistic-scraper/pkg/parser/parser.go:550.35,555.5 3 0
github.com/myusername/dart-statistic-scraper/pkg/parser/parser.go:558.4,558.46 1 0
github.com/myusername/dart-statistic-scraper/pkg/parser/parser.go:558.46,560.32 2 0
github.com/myusername/dart-statistic-scraper/pkg/parser/parser.go:560.32,564.6 3 0
github.com/myusername/dart-statistic-scraper/pkg/parser/parser.go:570.2,570.29 1 0
github.com/myusername/dart-statistic-scraper/pkg/parser/parser.go:570.29,572.69 1 0
github.com/myusername/dart-statistic-scraper/pkg/parser/parser.go:572.69,575.4 2 0
github.com/myusername/dart-statistic-scraper/pkg/parser/parser.go:578.2,579.31 2 0
github.com/myusername/dart-statistic-scraper/pkg/parser/parser.go:583.97,587.63 2 0
github.com/myusername/dart-statistic-scraper/pkg/parser/parser.go:587.63,592.96 3 0
github.com/myusername/dart-statistic-scraper/pkg/parser/parser.go:592.96,595.4 2 0
github.com/myusername/dart-statistic-scraper/pkg/parser/parser.go:598.3,602.34 4 0
github.com/myusername/dart-statistic-scraper/pkg/parser/parser.go:602.34,603.42 1 0
github.com/myusername/dart-statistic-scraper/pkg/parser/parser.go:603.42,605.5 1 0
github.com/myusername/dart-statistic-scraper/pkg/parser/parser.go:606.4,606.39 1 0
github.com/myusername/dart-statistic-scraper/pkg/parser/parser.go:606.39,609.5 1 0
github.com/myusername/dart-statistic-scraper/pkg/parser/parser.go:610.4,610.46 1 0
github.com/myusername/dart-statistic-scraper/pkg/parser/parser.go:610.46,611.38 1 0
github.com/myusername/dart-statistic-scraper/pkg/parser/parser.go:611.38,613.6 1 0
github.com/myusername/dart-statistic-scraper/pkg/parser/parser.go:613.11,613.45 1 0
github.com/myusername/dart-statistic-scraper/pkg/parser/parser.go:613.45,615.6 1 0
github.com/myusername/dart-statistic-scraper/pkg/parser/parser.go:615.11,617.6 1 0
github.com/myusername/dart-statistic-scraper/pkg/parser/parser.go:621.3,621.40 1 0
github.com/myusername/dart-statistic-scraper/pkg/parser/parser.go:621.40,624.4 2 0
github.com/myusername/dart-statistic-scraper/pkg/parser/parser.go:626.3,631.31 3 0
github.com/myusername/dart-statistic-scraper/pkg/parser/parser.go:631.31,634.4 2 0
github.com/myusername/dart-statistic-scraper/pkg/parser/parser.go:636.3,636.66 1 0
github.com/myusername/dart-statistic-scraper/pkg/parser/parser.go:636.66,638.19 1 0
github.com/myusername/dart-statistic-scraper/pkg/parser/parser.go:638.19,640.5 1 0
github.com/myusername/dart-statistic-scraper/pkg/parser/parser.go:642.4,645.27 2 0
github.com/myusername/dart-statistic-scraper/pkg/parser/parser.go:645.27,647.33 2 0
github.com/myusername/dart-statistic-scraper/pkg/parser/parser.go:647.33,651.6 3 0
github.com/myusername/dart-statistic-scraper/pkg/parser/parser.go:655.4,655.26 1 0
github.com/myusername/dart-statistic-scraper/pkg/parser/parser.go:655.26,657.5 1 0
github.com/myusername/dart-statistic-scraper/pkg/parser/parser.go:660.4,661.58 2 0
github.com/myusername/dart-statistic-scraper/pkg/parser/parser.go:661.58,665.5 2 0
github.com/myusername/dart-statistic-scraper/pkg/parser/parser.go:668.4,669.79 1 0
github.com/myusername/dart-statistic-scraper/pkg/parser/parser.go:669.79,671.5 1 0
github.com/myusername/dart-statistic-scraper/pkg/parser/parser.go:674.4,674.65 1 0
github.com/myusername/dart-statistic-scraper/pkg/parser/parser.go:674.65,676.5 1 0
github.com/myusername/dart-statistic-scraper/pkg/parser/parser.go:679.4,685.26 2 0
github.com/myusername/dart-statistic-scraper/pkg/parser/parser.go:685.26,687.5 1 0
github.com/myusername/dart-statistic-scraper/pkg/parser/parser.go:688.4,688.26 1 0
github.com/myusername/dart-statistic-scraper/pkg/parser/parser.go:688.26,690.5 1 0
github.com/myusername/dart-statistic-scraper/pkg/parser/parser.go:691.4,691.26 1 0
github.com/myusername/dart-statistic-scraper/pkg/parser/parser.go:691.26,693.5 1 0
github.com/myusername/dart-statistic-scraper/pkg/parser/parser.go:694.4,694.26 1 0
github.com/myusername/dart-statistic-scraper/pkg/parser/parser.go:694.26,696.5 1 0
github.com/myusername/dart-statistic-scraper/pkg/parser/parser.go:697.4,697.26 1 0
github.com/myusername/dart-statistic-scraper/pkg/parser/parser.go:697.26,699.5 1 0
github.com/myusername/dart-statistic-scraper/pkg/parser/parser.go:700.4,700.26 1 0
github.com/myusername/dart-statistic-scraper/pkg/parser/parser.go:700.26,702.5 1 0
github.com/myusername/dart-statistic-scraper/pkg/parser/parser.go:703.4,703.26 1 0
github.com/myusername/dart-statistic-scraper/pkg/parser/parser.go:703.26,705.5 1 0
github.com/myusername/dart-statistic-scraper/pkg/parser/parser.go:706.4,706.26 1 0
github.com/myusername/dart-statistic-scraper/pkg/parser/parser.go:706.26,708.5 1 0
github.com/myusername/dart-statistic-scraper/pkg/parser/parser.go:711.4,711.74 1 0
github.com/myusername/dart-statistic-scraper/pkg/parser/parser.go:711.74,715.5 2 0
github.com/myusername/dart-statistic-scraper/pkg/parser/parser.go:720.2,720.27 1 0
github.com/myusername/dart-statistic-scraper/pkg/parser/parser.go:720.27,724.59 2 0
github.com/myusername/dart-statistic-scraper/pkg/parser/parser.go:724.59,731.63 2 0
github.com/myusername/dart-statistic-scraper/pkg/parser/parser.go:731.63,733.5 1 0
github.com/myusername/dart-statistic-scraper/pkg/parser/parser.go:736.4,739.39 1 0
github.com/myusername/dart-statistic-scraper/pkg/parser/parser.go:739.39,743.62 2 0
github.com/myusername/dart-statistic-scraper/pkg/parser/parser.go:743.62,746.6 2 0
github.com/myusername/dart-statistic-scraper/pkg/parser/parser.go:748.5,748.28 1 0
github.com/myusername/dart-statistic-scraper/pkg/parser/parser.go:748.28,754.28 2 0
github.com/myusername/dart-statistic-scraper/pkg/parser/parser.go:754.28,756.7 1 0
github.com/myusername/dart-statistic-scraper/pkg/parser/parser.go:757.6,757.28 1 0
github.com/myusername/dart-statistic-scraper/pkg/parser/parser.go:757.28,759.7 1 0
github.com/myusername/dart-statistic-scraper/pkg/parser/parser.go:760.6,760.28 1 0
github.com/myusername/dart-statistic-scraper/pkg/parser/parser.go:760.28,762.7 1 0
github.com/myusername/dart-statistic-scraper/pkg/parser/parser.go:763.6,763.28 1 0
github.com/myusername/dart-statistic-scraper/pkg/parser/parser.go:763.28,765.7 1 0
github.com/myusername/dart-statistic-scraper/pkg/parser/parser.go:766.6,766.28 1 0
github.com/myusername/dart-statistic-scraper/pkg/parser/parser.go:766.28,768.7 1 0
github.com/myusername/dart-statistic-scraper/pkg/parser/parser.go:769.6,769.28 1 0
github.com/myusername/dart-statistic-scraper/pkg/parser/parser.go:769.28,771.7 1 0
github.com/myusername/dart-statistic-scraper/pkg/parser/parser.go:772.6,772.28 1 0
github.com/myusername/dart-statistic-scraper/pkg/parser/parser.go:772.28,774.7 1 0
github.com/myusername/dart-statistic-scraper/pkg/parser/parser.go:775.6,775.28 1 0
github.com/myusername/dart-statistic-scraper/pkg/parser/parser.go:775.28,777.7 1 0
github.com/myusername/dart-statistic-scraper/pkg/parser/parser.go:779.6,781.69 2 0
github.com/myusername/dart-statistic-scraper/pkg/parser/parser.go:787.2,787.20 1 0
github.com/myusername/dart-statistic-scraper/pkg/parser/parser.go:791.78,794.16 2 0
github.com/myusername/dart-statistic-scraper/pkg/parser/parser.go:794.16,796.3 1 0
github.com/myusername/dart-statistic-scraper/pkg/parser/parser.go:799.2,810.25 4 0
github.com/myusername/dart-statistic-scraper/main.go:77.44,89.16 5 0
github.com/myusername/dart-statistic-scraper/main.go:89.16,91.3 1 0
github.com/myusername/dart-statistic-scraper/main.go:92.2,96.38 3 0
github.com/myusername/dart-statistic-scraper/main.go:96.38,98.3 1 0
github.com/myusername/dart-statistic-scraper/main.go:101.2,102.16 2 0
github.com/myusername/dart-statistic-scraper/main.go:102.16,104.3 1 0
github.com/myusername/dart-statistic-scraper/main.go:107.2,111.26 4 0
github.com/myusername/dart-statistic-scraper/main.go:115.54,125.16 4 0
github.com/myusername/dart-statistic-scraper/main.go:125.16,127.3 1 0
github.com/myusername/dart-statistic-scraper/main.go:128.2,131.38 2 0
github.com/myusername/dart-statistic-scraper/main.go:131.38,133.3 1 0
github.com/myusername/dart-statistic-scraper/main.go:136.2,137.16 2 0
github.com/myusername/dart-statistic-scraper/main.go:137.16,139.3 1 0
github.com/myusername/dart-statistic-scraper/main.go:142.2,143.16 2 0
github.com/myusername/dart-statistic-scraper/main.go:143.16,145.3 1 0
github.com/myusername/dart-statistic-scraper/main.go:147.2,148.12 2 0
github.com/myusername/dart-statistic-scraper/main.go:152.50,155.16 2 0
github.com/myusername/dart-statistic-scraper/main.go:155.16,157.3 1 0
github.com/myusername/dart-statistic-scraper/main.go:158.2,162.16 3 0
github.com/myusername/dart-statistic-scraper/main.go:162.16,164.3 1 0
github.com/myusername/dart-statistic-scraper/main.go:167.2,168.16 2 0
github.com/myusername/dart-statistic-scraper/main.go:168.16,170.3 1 0
github.com/myusername/dart-statistic-scraper/main.go:172.2,172.29 1 0
github.com/myusername/dart-statistic-scraper/main.go:176.59,195.29 8 0
github.com/myusername/dart-statistic-scraper/main.go:195.29,200.29 3 0
github.com/myusername/dart-statistic-scraper/main.go:200.29,202.18 2 0
github.com/myusername/dart-statistic-scraper/main.go:202.18,206.13 4 0
github.com/myusername/dart-statistic-scraper/main.go:211.3,212.43 2 0
github.com/myusername/dart-statistic-scraper/main.go:212.43,223.12 5 0
github.com/myusername/dart-statistic-scraper/main.go:227.3,228.40 2 0
github.com/myusername/dart-statistic-scraper/main.go:228.40,229.41 1 0
github.com/myusername/dart-statistic-scraper/main.go:229.41,234.81 3 0
github.com/myusername/dart-statistic-scraper/main.go:234.81,236.6 1 0
github.com/myusername/dart-statistic-scraper/main.go:239.5,247.69 3 0
github.com/myusername/dart-statistic-scraper/main.go:252.2,252.18 1 0
github.com/myusername/dart-statistic-scraper/main.go:257.46,275.36 3 0
github.com/myusername/dart-statistic-scraper/main.go:275.36,278.38 1 0
github.com/myusername/dart-statistic-scraper/main.go:278.38,280.25 1 0
github.com/myusername/dart-statistic-scraper/main.go:280.25,281.13 1 0
github.com/myusername/dart-statistic-scraper/main.go:285.4,286.19 2 0
github.com/myusername/dart-statistic-scraper/main.go:286.19,289.5 2 0
github.com/myusername/dart-statistic-scraper/main.go:289.10,292.5 2 0
github.com/myusername/dart-statistic-scraper/main.go:295.4,305.43 3 0
github.com/myusername/dart-statistic-scraper/main.go:309.2,309.18 1 0
github.com/myusername/dart-statistic-scraper/main.go:313.76,314.16 1 0
github.com/myusername/dart-statistic-scraper/main.go:314.16,317.3 2 0
github.com/myusername/dart-statistic-scraper/main.go:320.2,324.37 3 0
github.com/myusername/dart-statistic-scraper/main.go:324.37,325.28 1 0
github.com/myusername/dart-statistic-scraper/main.go:325.28,327.4 1 0
github.com/myusername/dart-statistic-scraper/main.go:330.2,330.29 1 0
github.com/myusername/dart-statistic-scraper/main.go:330.29,333.3 2 0
github.com/myusername/dart-statistic-scraper/main.go:336.2,339.41 2 0
github.com/myusername/dart-statistic-scraper/main.go:339.41,344.78 3 0
github.com/myusername/dart-statistic-scraper/main.go:344.78,346.4 1 0
github.com/myusername/dart-statistic-scraper/main.go:348.3,348.78 1 0
github.com/myusername/dart-statistic-scraper/main.go:348.78,350.4 1 0
github.com/myusername/dart-statistic-scraper/main.go:352.3,352.31 1 0
github.com/myusername/dart-statistic-scraper/main.go:352.31,354.4 1 0
github.com/myusername/dart-statistic-scraper/main.go:354.9,354.38 1 0
github.com/myusername/dart-statistic-scraper/main.go:354.38,356.4 1 0
github.com/myusername/dart-statistic-scraper/main.go:360.2,362.41 3 0
github.com/myusername/dart-statistic-scraper/main.go:362.41,364.3 1 0
github.com/myusername/dart-statistic-scraper/main.go:368.2,369.41 2 0
github.com/myusername/dart-statistic-scraper/main.go:369.41,374.49 3 0
github.com/myusername/dart-statistic-scraper/main.go:374.49,377.4 2 0
github.com/myusername/dart-statistic-scraper/main.go:377.9,377.56 1 0
github.com/myusername/dart-statistic-scraper/main.go:377.56,380.4 2 0
github.com/myusername/dart-statistic-scraper/main.go:385.2,385.41 1 0
github.com/myusername/dart-statistic-scraper/main.go:385.41,386.71 1 0
github.com/myusername/dart-statistic-scraper/main.go:386.71,389.4 2 0
github.com/myusername/dart-statistic-scraper/main.go:389.9,389.78 1 0
github.com/myusername/dart-statistic-scraper/main.go:389.78,392.4 2 0
github.com/myusername/dart-statistic-scraper/main.go:396.2,396.34 1 0
github.com/myusername/dart-statistic-scraper/main.go:400.48,409.35 4 0
github.com/myusername/dart-statistic-scraper/main.go:409.35,410.20 1 0
github.com/myusername/dart-statistic-scraper/main.go:410.20,412.4 1 0
github.com/myusername/dart-statistic-scraper/main.go:414.2,414.15 1 0
github.com/myusername/dart-statistic-scraper/main.go:418.57,420.48 1 0
github.com/myusername/dart-statistic-scraper/main.go:420.48,423.3 1 0
github.com/myusername/dart-statistic-scraper/main.go:426.2,427.32 2 0
github.com/myusername/dart-statistic-scraper/main.go:427.32,428.33 1 0
github.com/myusername/dart-statistic-scraper/main.go:428.33,429.64 1 0
github.com/myusername/dart-statistic-scraper/main.go:429.64,431.10 2 0
github.com/myusername/dart-statistic-scraper/main.go:437.2,437.77 1 0
github.com/myusername/dart-statistic-scraper/main.go:441.49,447.32 3 0
github.com/myusername/dart-statistic-scraper/main.go:447.32,449.3 1 0
github.com/myusername/dart-statistic-scraper/main.go:449.8,449.39 1 0
github.com/myusername/dart-statistic-scraper/main.go:449.39,451.3 1 0
github.com/myusername/dart-statistic-scraper/main.go:455.2,456.29 2 0
github.com/myusername/dart-statistic-scraper/main.go:456.29,458.3 1 0
github.com/myusername/dart-statistic-scraper/main.go:461.2,462.20 2 0
github.com/myusername/dart-statistic-scraper/main.go:462.20,464.3 1 0
github.com/myusername/dart-statistic-scraper/main.go:466.2,466.47 1 0
github.com/myusername/dart-statistic-scraper/main.go:466.47,468.41 2 0
github.com/myusername/dart-statistic-scraper/main.go:468.41,470.4 1 0
github.com/myusername/dart-statistic-scraper/main.go:473.2,473.14 1 0
github.com/myusername/dart-statistic-scraper/main.go:477.44,485.27 3 0
github.com/myusername/dart-statistic-scraper/main.go:485.27,487.3 1 0
github.com/myusername/dart-statistic-scraper/main.go:490.2,491.129 1 0
github.com/myusername/dart-statistic-scraper/main.go:491.129,493.3 1 0
github.com/myusername/dart-statistic-scraper/main.go:493.8,494.89 1 0
github.com/myusername/dart-statistic-scraper/main.go:494.89,496.3 1 0
github.com/myusername/dart-statistic-scraper/main.go:496.8,496.57 1 0
github.com/myusername/dart-statistic-scraper/main.go:496.57,498.3 1 0
github.com/myusername/dart-statistic-scraper/main.go:501.2,501.53 1 0
github.com/myusername/dart-statistic-scraper/main.go:501.53,502.84 1 0
github.com/myusername/dart-statistic-scraper/main.go:502.84,504.4 1 0
github.com/myusername/dart-statistic-scraper/main.go:504.9,504.130 1 0
github.com/myusername/dart-statistic-scraper/main.go:504.130,506.4 1 0
github.com/myusername/dart-statistic-scraper/main.go:506.9,506.49 1 0
github.com/myusername/dart-statistic-scraper/main.go:506.49,508.4 1 0
github.com/myusername/dart-statistic-scraper/main.go:508.9,508.61 1 0
github.com/myusername/dart-statistic-scraper/main.go:508.61,510.4 1 0
github.com/myusername/dart-statistic-scraper/main.go:514.2,542.33 4 0
github.com/myusername/dart-statistic-scraper/main.go:542.33,543.32 1 0
github.com/myusername/dart-statistic-scraper/main.go:543.32,546.4 2 0
github.com/myusername/dart-statistic-scraper/main.go:550.2,551.21 2 0
github.com/myusername/dart-statistic-scraper/main.go:555.38,557.79 1 0
github.com/myusername/dart-statistic-scraper/main.go:557.79,559.3 1 0
github.com/myusername/dart-statistic-scraper/main.go:559.8,559.84 1 0
github.com/myusername/dart-statistic-scraper/main.go:559.84,561.3 1 0
github.com/myusername/dart-statistic-scraper/main.go:564.2,566.12 2 0
github.com/myusername/dart-statistic-scraper/main.go:570.57,575.16 3 0
github.com/myusername/dart-statistic-scraper/main.go:575.16,578.3 2 0
github.com/myusername/dart-statistic-scraper/main.go:581.2,581.55 1 0
github.com/myusername/dart-statistic-scraper/main.go:581.55,583.14 2 0
github.com/myusername/dart-statistic-scraper/main.go:583.14,585.4 1 0
github.com/myusername/dart-statistic-scraper/main.go:588.3,588.73 1 0
github.com/myusername/dart-statistic-scraper/main.go:588.73,591.4 2 0
github.com/myusername/dart-statistic-scraper/main.go:594.2,595.14 2 0
github.com/myusername/dart-statistic-scraper/main.go:599.39,604.37 2 0
github.com/myusername/dart-statistic-scraper/main.go:604.37,606.3 1 0
github.com/myusername/dart-statistic-scraper/main.go:609.2,609.59 1 0
github.com/myusername/dart-statistic-scraper/main.go:609.59,611.3 1 0
github.com/myusername/dart-statistic-scraper/main.go:614.2,616.28 3 0
github.com/myusername/dart-statistic-scraper/main.go:616.28,617.33 1 0
github.com/myusername/dart-statistic-scraper/main.go:617.33,619.4 1 0
github.com/myusername/dart-statistic-scraper/main.go:620.3,620.33 1 0
github.com/myusername/dart-statistic-scraper/main.go:620.33,622.4 1 0
github.com/myusername/dart-statistic-scraper/main.go:627.2,627.79 1 0
github.com/myusername/dart-statistic-scraper/main.go:627.79,629.3 1 0
github.com/myusername/dart-statistic-scraper/main.go:632.2,638.35 1 0
github.com/myusername/dart-statistic-scraper/main.go:642.42,649.47 4 0
github.com/myusername/dart-statistic-scraper/main.go:649.47,650.113 1 0
github.com/myusername/dart-statistic-scraper/main.go:650.113,652.4 1 0
github.com/myusername/dart-statistic-scraper/main.go:652.9,652.83 1 0
github.com/myusername/dart-statistic-scraper/main.go:652.83,654.4 1 0
github.com/myusername/dart-statistic-scraper/main.go:658.2,658.50 1 0
github.com/myusername/dart-statistic-scraper/main.go:658.50,659.78 1 0
github.com/myusername/dart-statistic-scraper/main.go:659.78,661.4 1 0
github.com/myusername/dart-statistic-scraper/main.go:661.9,661.121 1 0
github.com/myusername/dart-statistic-scraper/main.go:661.121,663.4 1 0
github.com/myusername/dart-statistic-scraper/main.go:663.9,663.46 1 0
github.com/myusername/dart-statistic-scraper/main.go:663.46,665.4 1 0
github.com/myusername/dart-statistic-scraper/main.go:669.2,672.36 3 0
github.com/myusername/dart-statistic-scraper/main.go:676.51,683.21 3 0
github.com/myusername/dart-statistic-scraper/main.go:683.21,685.3 1 0
github.com/myusername/dart-statistic-scraper/main.go:691.2,695.35 3 0
github.com/myusername/dart-statistic-scraper/main.go:695.35,696.32 1 0
github.com/myusername/dart-statistic-scraper/main.go:696.32,699.9 3 0
github.com/myusername/dart-statistic-scraper/main.go:703.2,703.23 1 0
github.com/myusername/dart-statistic-scraper/main.go:703.23,705.22 1 0
github.com/myusername/dart-statistic-scraper/main.go:705.22,707.4 1 0
github.com/myusername/dart-statistic-scraper/main.go:710.3,710.22 1 0
github.com/myusername/dart-statistic-scraper/main.go:710.22,712.4 1 0
github.com/myusername/dart-statistic-scraper/main.go:713.3,713.22 1 0
github.com/myusername/dart-statistic-scraper/main.go:713.22,715.4 1 0
github.com/myusername/dart-statistic-scraper/main.go:716.3,716.22 1 0
github.com/myusername/dart-statistic-scraper/main.go:716.22,718.4 1 0
github.com/myusername/dart-statistic-scraper/main.go:719.3,719.22 1 0
github.com/myusername/dart-statistic-scraper/main.go:719.22,721.4 1 0
github.com/myusername/dart-statistic-scraper/main.go:722.3,722.22 1 0
github.com/myusername/dart-statistic-scraper/main.go:722.22,724.4 1 0
github.com/myusername/dart-statistic-scraper/main.go:725.3,725.22 1 0
github.com/myusername/dart-statistic-scraper/main.go:725.22,727.4 1 0
github.com/myusername/dart-statistic-scraper/main.go:728.3,728.22 1 0
github.com/myusername/dart-statistic-scraper/main.go:728.22,730.4 1 0
github.com/myusername/dart-statistic-scraper/main.go:731.8,733.34 1 0
github.com/myusername/dart-statistic-scraper/main.go:733.34,735.4 1 0
github.com/myusername/dart-statistic-scraper/main.go:736.3,736.34 1 0
github.com/myusername/dart-statistic-scraper/main.go:736.34,738.4 1 0
github.com/myusername/dart-statistic-scraper/main.go:739.3,739.34 1 0
github.com/myusername/dart-statistic-scraper/main.go:739.34,741.4 1 0
github.com/myusername/dart-statistic-scraper/main.go:742.3,742.34 1 0
github.com/myusername/dart-statistic-scraper/main.go:742.34,744.4 1 0
github.com/myusername/dart-statistic-scraper/main.go:745.3,745.34 1 0
github.com/myusername/dart-statistic-scraper/main.go:745.34,747.4 1 0
github.com/myusername/dart-statistic-scraper/main.go:748.3,748.34 1 0
github.com/myusername/dart-statistic-scraper/main.go:748.34,750.4 1 0
github.com/myusername/dart-statistic-scraper/main.go:751.3,751.34 1 0
github.com/myusername/dart-statistic-scraper/main.go:751.34,753.4 1 0
github.com/myusername/dart-statistic-scraper/main.go:756.2,756.19 1 0
github.com/myusername/dart-statistic-scraper/main.go:760.31,764.2 2 0
github.com/myusername/dart-statistic-scraper/main.go:767.36,769.16 1 0
github.com/myusername/dart-statistic-scraper/main.go:769.16,771.3 1 0
github.com/myusername/dart-statistic-scraper/main.go:774.2,774.22 1 0
github.com/myusername/dart-statistic-scraper/main.go:774.22,775.25 1 0
github.com/myusername/dart-statistic-scraper/main.go:775.25,777.4 1 0
github.com/myusername/dart-statistic-scraper/main.go:781.2,781.13 1 0
github.com/myusername/dart-statistic-scraper/main.go:785.48,789.45 2 0
github.com/myusername/dart-statistic-scraper/main.go:789.45,791.3 1 0
github.com/myusername/dart-statistic-scraper/main.go:794.2,797.21 2 0
github.com/myusername/dart-statistic-scraper/main.go:797.21,799.3 1 0
github.com/myusername/dart-statistic-scraper/main.go:802.2,804.31 3 0
github.com/myusername/dart-statistic-scraper/main.go:804.31,805.18 1 0
github.com/myusername/dart-statistic-scraper/main.go:805.18,806.19 1 0
github.com/myusername/dart-statistic-scraper/main.go:806.19,808.5 1 0
github.com/myusername/dart-statistic-scraper/main.go:809.9,809.48 1 0
github.com/myusername/dart-statistic-scraper/main.go:809.48,811.4 1 0
github.com/myusername/dart-statistic-scraper/main.go:815.2,815.25 1 0
github.com/myusername/dart-statistic-scraper/main.go:815.25,817.3 1 0
github.com/myusername/dart-statistic-scraper/main.go:820.2,826.17 6 0
github.com/myusername/dart-statistic-scraper/main.go:830.44,833.22 3 0
github.com/myusername/dart-statistic-scraper/main.go:833.22,834.41 1 0
github.com/myusername/dart-statistic-scraper/main.go:834.41,836.4 1 0
github.com/myusername/dart-statistic-scraper/main.go:838.2,838.15 1 0
github.com/myusername/dart-statistic-scraper/main.go:842.72,854.22 8 0
github.com/myusername/dart-statistic-scraper/main.go:854.22,863.51 2 0
github.com/myusername/dart-statistic-scraper/main.go:863.51,865.24 2 0
github.com/myusername/dart-statistic-scraper/main.go:865.24,867.10 2 0
github.com/myusername/dart-statistic-scraper/main.go:871.3,871.23 1 0
github.com/myusername/dart-statistic-scraper/main.go:871.23,874.4 2 0
github.com/myusername/dart-statistic-scraper/main.go:877.2,878.20 2 0
github.com/myusername/dart-statistic-scraper/main.go:878.20,882.3 2 0
github.com/myusername/dart-statistic-scraper/main.go:882.8,884.3 1 0
github.com/myusername/dart-statistic-scraper/main.go:887.2,893.16 5 0
github.com/myusername/dart-statistic-scraper/main.go:893.16,895.3 1 0
github.com/myusername/dart-statistic-scraper/main.go:898.2,899.16 2 0
github.com/myusername/dart-statistic-scraper/main.go:899.16,902.3 2 0
github.com/myusername/dart-statistic-scraper/main.go:905.2,908.27 2 0
github.com/myusername/dart-statistic-scraper/main.go:908.27,913.30 3 0
github.com/myusername/dart-statistic-scraper/main.go:913.30,917.28 2 0
github.com/myusername/dart-statistic-scraper/main.go:917.28,920.13 3 0
github.com/myusername/dart-statistic-scraper/main.go:924.4,925.79 1 0
github.com/myusername/dart-statistic-scraper/main.go:925.79,926.13 1 0
github.com/myusername/dart-statistic-scraper/main.go:930.4,931.35 2 0
github.com/myusername/dart-statistic-scraper/main.go:931.35,936.5 3 0
github.com/myusername/dart-statistic-scraper/main.go:939.4,939.46 1 0
github.com/myusername/dart-statistic-scraper/main.go:939.46,941.32 2 0
github.com/myusername/dart-statistic-scraper/main.go:941.32,945.6 3 0
github.com/myusername/dart-statistic-scraper/main.go:951.2,951.29 1 0
github.com/myusername/dart-statistic-scraper/main.go:951.29,953.69 1 0
github.com/myusername/dart-statistic-scraper/main.go:953.69,956.4 2 0
github.com/myusername/dart-statistic-scraper/main.go:959.2,960.31 2 0
github.com/myusername/dart-statistic-scraper/main.go:964.90,968.63 2 0
github.com/myusername/dart-statistic-scraper/main.go:968.63,973.96 3 0
github.com/myusername/dart-statistic-scraper/main.go:973.96,976.4 2 0
github.com/myusername/dart-statistic-scraper/main.go:979.3,983.34 4 0
github.com/myusername/dart-statistic-scraper/main.go:983.34,984.42 1 0
github.com/myusername/dart-statistic-scraper/main.go:984.42,986.5 1 0
github.com/myusername/dart-statistic-scraper/main.go:987.4,987.39 1 0
github.com/myusername/dart-statistic-scraper/main.go:987.39,990.5 1 0
github.com/myusername/dart-statistic-scraper/main.go:991.4,991.46 1 0
github.com/myusername/dart-statistic-scraper/main.go:991.46,992.38 1 0
github.com/myusername/dart-statistic-scraper/main.go:992.38,994.6 1 0
github.com/myusername/dart-statistic-scraper/main.go:994.11,994.45 1 0
github.com/myusername/dart-statistic-scraper/main.go:994.45,996.6 1 0
github.com/myusername/dart-statistic-scraper/main.go:996.11,998.6 1 0
github.com/myusername/dart-statistic-scraper/main.go:1002.3,1002.40 1 0
github.com/myusername/dart-statistic-scraper/main.go:1002.40,1005.4 2 0
github.com/myusername/dart-statistic-scraper/main.go:1007.3,1012.31 3 0
github.com/myusername/dart-statistic-scraper/main.go:1012.31,1015.4 2 0
github.com/myusername/dart-statistic-scraper/main.go:1017.3,1017.66 1 0
github.com/myusername/dart-statistic-scraper/main.go:1017.66,1019.19 1 0
github.com/myusername/dart-statistic-scraper/main.go:1019.19,1021.5 1 0
github.com/myusername/dart-statistic-scraper/main.go:1023.4,1026.27 2 0
github.com/myusername/dart-statistic-scraper/main.go:1026.27,1028.33 2 0
github.com/myusername/dart-statistic-scraper/main.go:1028.33,1032.6 3 0
github.com/myusername/dart-statistic-scraper/main.go:1036.4,1036.26 1 0
github.com/myusername/dart-statistic-scraper/main.go:1036.26,1038.5 1 0
github.com/myusername/dart-statistic-scraper/main.go:1041.4,1042.58 2 0
github.com/myusername/dart-statistic-scraper/main.go:1042.58,1046.5 2 0
github.com/myusername/dart-statistic-scraper/main.go:1049.4,1050.79 1 0
github.com/myusername/dart-statistic-scraper/main.go:1050.79,1052.5 1 0
github.com/myusername/dart-statistic-scraper/main.go:1055.4,1055.65 1 0
github.com/myusername/dart-statistic-scraper/main.go:1055.65,1057.5 1 0
github.com/myusername/dart-statistic-scraper/main.go:1060.4,1066.26 2 0
github.com/myusername/dart-statistic-scraper/main.go:1066.26,1068.5 1 0
github.com/myusername/dart-statistic-scraper/main.go:1069.4,1069.26 1 0
github.com/myusername/dart-statistic-scraper/main.go:1069.26,1071.5 1 0
github.com/myusername/dart-statistic-scraper/main.go:1072.4,1072.26 1 0
github.com/myusername/dart-statistic-scraper/main.go:1072.26,1074.5 1 0
github.com/myusername/dart-statistic-scraper/main.go:1075.4,1075.26 1 0
github.com/myusername/dart-statistic-scraper/main.go:1075.26,1077.5 1 0
github.com/myusername/dart-statistic-scraper/main.go:1078.4,1078.26 1 0
github.com/myusername/dart-statistic-scraper/main.go:1078.26,1080.5 1 0
github.com/myusername/dart-statistic-scraper/main.go:1081.4,1081.26 1 0
github.com/myusername/dart-statistic-scraper/main.go:1081.26,1083.5 1 0
github.com/myusername/dart-statistic-scraper/main.go:1084.4,1084.26 1 0
github.com/myusername/dart-statistic-scraper/main.go:1084.26,1086.5 1 0
github.com/myusername/dart-statistic-scraper/main.go:1087.4,1087.26 1 0
github.com/myusername/dart-statistic-scraper/main.go:1087.26,1089.5 1 0
github.com/myusername/dart-statistic-scraper/main.go:1092.4,1092.74 1 0
github.com/myusername/dart-statistic-scraper/main.go:1092.74,1096.5 2 0
github.com/myusername/dart-statistic-scraper/main.go:1101.2,1101.27 1 0
github.com/myusername/dart-statistic-scraper/main.go:1101.27,1105.59 2 0
github.com/myusername/dart-statistic-scraper/main.go:1105.59,1112.63 2 0
github.com/myusername/dart-statistic-scraper/main.go:1112.63,1114.5 1 0
github.com/myusername/dart-statistic-scraper/main.go:1117.4,1120.39 1 0
github.com/myusername/dart-statistic-scraper/main.go:1120.39,1124.62 2 0
github.com/myusername/dart-statistic-scraper/main.go:1124.62,1127.6 2 0
github.com/myusername/dart-statistic-scraper/main.go:1129.5,1129.28 1 0
github.com/myusername/dart-statistic-scraper/main.go:1129.28,1135.28 2 0
github.com/myusername/dart-statistic-scraper/main.go:1135.28,1137.7 1 0
github.com/myusername/dart-statistic-scraper/main.go:1138.6,1138.28 1 0
github.com/myusername/dart-statistic-scraper/main.go:1138.28,1140.7 1 0
github.com/myusername/dart-statistic-scraper/main.go:1141.6,1141.28 1 0
github.com/myusername/dart-statistic-scraper/main.go:1141.28,1143.7 1 0
github.com/myusername/dart-statistic-scraper/main.go:1144.6,1144.28 1 0
github.com/myusername/dart-statistic-scraper/main.go:1144.28,1146.7 1 0
github.com/myusername/dart-statistic-scraper/main.go:1147.6,1147.28 1 0
github.com/myusername/dart-statistic-scraper/main.go:1147.28,1149.7 1 0
github.com/myusername/dart-statistic-scraper/main.go:1150.6,1150.28 1 0
github.com/myusername/dart-statistic-scraper/main.go:1150.28,1152.7 1 0
github.com/myusername/dart-statistic-scraper/main.go:1153.6,1153.28 1 0
github.com/myusername/dart-statistic-scraper/main.go:1153.28,1155.7 1 0
github.com/myusername/dart-statistic-scraper/main.go:1156.6,1156.28 1 0
github.com/myusername/dart-statistic-scraper/main.go:1156.28,1158.7 1 0
github.com/myusername/dart-statistic-scraper/main.go:1160.6,1162.69 2 0
github.com/myusername/dart-statistic-scraper/main.go:1168.2,1168.20 1 0
github.com/myusername/dart-statistic-scraper/main.go:1172.49,1174.2 1 0
github.com/myusername/dart-statistic-scraper/main.go:1177.71,1180.16 2 0
github.com/myusername/dart-statistic-scraper/main.go:1180.16,1182.3 1 0
github.com/myusername/dart-statistic-scraper/main.go:1185.2,1185.50 1 0
github.com/myusername/dart-statistic-scraper/main.go:1185.50,1187.3 1 0
github.com/myusername/dart-statistic-scraper/main.go:1190.2,1192.16 3 0
github.com/myusername/dart-statistic-scraper/main.go:1192.16,1194.3 1 0
github.com/myusername/dart-statistic-scraper/main.go:1194.8,1196.3 1 0
github.com/myusername/dart-statistic-scraper/main.go:1199.2,1210.25 4 0
github.com/myusername/dart-statistic-scraper/main.go:1214.51,1225.49 5 0
github.com/myusername/dart-statistic-scraper/main.go:1225.49,1227.3 1 0
github.com/myusername/dart-statistic-scraper/main.go:1230.2,1231.32 2 0
github.com/myusername/dart-statistic-scraper/main.go:1231.32,1233.3 1 0
github.com/myusername/dart-statistic-scraper/main.go:1234.2,1237.33 2 0
github.com/myusername/dart-statistic-scraper/main.go:1237.33,1241.43 2 0
github.com/myusername/dart-statistic-scraper/main.go:1241.43,1243.4 1 0
github.com/myusername/dart-statistic-scraper/main.go:1246.3,1246.17 1 0
github.com/myusername/dart-statistic-scraper/main.go:1246.17,1248.4 1 0
github.com/myusername/dart-statistic-scraper/main.go:1251.3,1251.34 1 0
github.com/myusername/dart-statistic-scraper/main.go:1251.34,1255.4 1 0
github.com/myusername/dart-statistic-scraper/main.go:1258.2,1258.38 1 0
github.com/myusername/dart-statistic-scraper/main.go:1262.64,1274.49 5 0
github.com/myusername/dart-statistic-scraper/main.go:1274.49,1276.3 1 0
github.com/myusername/dart-statistic-scraper/main.go:1279.2,1280.32 2 0
github.com/myusername/dart-statistic-scraper/main.go:1280.32,1282.3 1 0
github.com/myusername/dart-statistic-scraper/main.go:1283.2,1286.33 2 0
github.com/myusername/dart-statistic-scraper/main.go:1286.33,1290.43 2 0
github.com/myusername/dart-statistic-scraper/main.go:1290.43,1292.4 1 0
github.com/myusername/dart-statistic-scraper/main.go:1295.3,1295.17 1 0
github.com/myusername/dart-statistic-scraper/main.go:1295.17,1297.4 1 0
github.com/myusername/dart-statistic-scraper/main.go:1300.3,1300.34 1 0
github.com/myusername/dart-statistic-scraper/main.go:1300.34,1304.4 1 0
github.com/myusername/dart-statistic-scraper/main.go:1307.2,1307.38 1 0
github.com/myusername/dart-statistic-scraper/main.go:1310.13,1317.49 3 0
github.com/myusername/dart-statistic-scraper/main.go:1317.49,1319.3 1 0
github.com/myusername/dart-statistic-scraper/main.go:1322.2,1329.16 5 0
github.com/myusername/dart-statistic-scraper/main.go:1329.16,1332.3 2 0
github.com/myusername/dart-statistic-scraper/main.go:1332.8,1335.17 2 0
github.com/myusername/dart-statistic-scraper/main.go:1335.17,1338.4 2 0
github.com/myusername/dart-statistic-scraper/main.go:1338.9,1343.27 2 0
github.com/myusername/dart-statistic-scraper/main.go:1343.27,1346.5 2 0
github.com/myusername/dart-statistic-scraper/main.go:1346.10,1348.5 1 0
github.com/myusername/dart-statistic-scraper/main.go:1353.2,1359.27 3 0
github.com/myusername/dart-statistic-scraper/main.go:1359.27,1364.17 3 0
github.com/myusername/dart-statistic-scraper/main.go:1364.17,1366.12 2 0
github.com/myusername/dart-statistic-scraper/main.go:1369.3,1375.39 5 0
github.com/myusername/dart-statistic-scraper/main.go:1375.39,1378.81 2 0
github.com/myusername/dart-statistic-scraper/main.go:1378.81,1381.5 1 0
github.com/myusername/dart-statistic-scraper/main.go:1381.10,1381.44 1 0
github.com/myusername/dart-statistic-scraper/main.go:1381.44,1384.5 1 0
github.com/myusername/dart-statistic-scraper/main.go:1384.10,1384.43 1 0
github.com/myusername/dart-statistic-scraper/main.go:1384.43,1387.26 2 0
github.com/myusername/dart-statistic-scraper/main.go:1387.26,1392.6 4 0
github.com/myusername/dart-statistic-scraper/main.go:1392.11,1395.6 1 0
github.com/myusername/dart-statistic-scraper/main.go:1396.10,1399.5 1 0
github.com/myusername/dart-statistic-scraper/main.go:1402.4,1405.49 3 0
github.com/myusername/dart-statistic-scraper/main.go:1408.3,1411.46 2 0
github.com/myusername/dart-statistic-scraper/main.go:1411.46,1416.24 4 0
github.com/myusername/dart-statistic-scraper/main.go:1416.24,1418.19 2 0
github.com/myusername/dart-statistic-scraper/main.go:1418.19,1420.6 1 0
github.com/myusername/dart-statistic-scraper/main.go:1423.4,1427.52 3 0
github.com/myusername/dart-statistic-scraper/main.go:1427.52,1430.19 3 0
github.com/myusername/dart-statistic-scraper/main.go:1430.19,1434.33 2 0
github.com/myusername/dart-statistic-scraper/main.go:1434.33,1437.7 2 0
github.com/myusername/dart-statistic-scraper/main.go:1439.6,1447.14 3 0
github.com/myusername/dart-statistic-scraper/main.go:1452.4,1453.18 2 0
github.com/myusername/dart-statistic-scraper/main.go:1453.18,1455.13 2 0
github.com/myusername/dart-statistic-scraper/main.go:1459.4,1459.37 1 0
github.com/myusername/dart-statistic-scraper/main.go:1459.37,1462.5 2 0
github.com/myusername/dart-statistic-scraper/main.go:1465.4,1465.42 1 0
github.com/myusername/dart-statistic-scraper/main.go:1469.2,1469.34 1 0
